[debug] [2025-04-18T00:00:32.637Z] ----------------------------------------------------------------------
[debug] [2025-04-18T00:00:32.642Z] Command:       C:\Program Files\nodejs\node.exe C:\Users\vitto\AppData\Roaming\npm\node_modules\firebase-tools\lib\bin\firebase.js init
[debug] [2025-04-18T00:00:32.642Z] CLI Version:   14.2.0
[debug] [2025-04-18T00:00:32.643Z] Platform:      win32
[debug] [2025-04-18T00:00:32.643Z] Node Version:  v22.14.0
[debug] [2025-04-18T00:00:32.643Z] Time:          Thu Apr 17 2025 20:00:32 GMT-0400 (Horário Padrão do Amazonas)
[debug] [2025-04-18T00:00:32.643Z] ----------------------------------------------------------------------
[debug] 
[debug] [2025-04-18T00:00:32.652Z] > command requires scopes: ["email","openid","https://www.googleapis.com/auth/cloudplatformprojects.readonly","https://www.googleapis.com/auth/firebase","https://www.googleapis.com/auth/cloud-platform"]
[debug] [2025-04-18T00:00:32.653Z] > authorizing via signed-in user (vittoria.amorim24@gmail.com)
[info] 
     ######## #### ########  ######## ########     ###     ######  ########
     ##        ##  ##     ## ##       ##     ##  ##   ##  ##       ##
     ######    ##  ########  ######   ########  #########  ######  ######
     ##        ##  ##    ##  ##       ##     ## ##     ##       ## ##
     ##       #### ##     ## ######## ########  ##     ##  ######  ########

You're about to initialize a Firebase project in this directory:

  C:\Users\vitto\OneDrive\Documentos\cha de panela

[info] 
=== Project Setup
[info] 
[info] First, let's associate this project directory with a Firebase project.
[info] You can create multiple project aliases by running firebase use --add, 
[info] but for now we'll just set up a default project.
[info] 
[debug] [2025-04-18T00:01:49.066Z] Checked if tokens are valid: true, expires at: 1744937839328
[debug] [2025-04-18T00:01:49.066Z] Checked if tokens are valid: true, expires at: 1744937839328
[debug] [2025-04-18T00:01:49.068Z] >>> [apiv2][query] GET https://firebase.googleapis.com/v1beta1/projects pageSize=100
[debug] [2025-04-18T00:01:51.084Z] <<< [apiv2][status] GET https://firebase.googleapis.com/v1beta1/projects 200
[debug] [2025-04-18T00:01:51.084Z] <<< [apiv2][body] GET https://firebase.googleapis.com/v1beta1/projects [omitted]
[info] i  Using project cha-de-panela-vh (Cha de panela VH) 
[info] 
=== Hosting Setup
[debug] [2025-04-18T00:01:51.713Z] Checked if tokens are valid: true, expires at: 1744937839328
[debug] [2025-04-18T00:01:51.713Z] Checked if tokens are valid: true, expires at: 1744937839328
[debug] [2025-04-18T00:01:51.713Z] >>> [apiv2][query] GET https://firebase.googleapis.com/v1beta1/projects/cha-de-panela-vh [none]
[debug] [2025-04-18T00:01:52.193Z] <<< [apiv2][status] GET https://firebase.googleapis.com/v1beta1/projects/cha-de-panela-vh 200
[debug] [2025-04-18T00:01:52.194Z] <<< [apiv2][body] GET https://firebase.googleapis.com/v1beta1/projects/cha-de-panela-vh {"projectId":"cha-de-panela-vh","projectNumber":"183797835611","displayName":"Cha de panela VH","name":"projects/cha-de-panela-vh","resources":{"hostingSite":"cha-de-panela-vh","realtimeDatabaseInstance":"cha-de-panela-vh-default-rtdb"},"state":"ACTIVE","etag":"1_34c83ec5-a3f9-4d35-87c0-6ead1e86966e"}
[info] 
[info] Your public directory is the folder (relative to your project directory) that
[info] will contain Hosting assets to be uploaded with firebase deploy. If you
[info] have a build process for your assets, use your build's output directory.
[info] 
[debug] [2025-04-18T00:04:34.187Z] >>> [apiv2][query] GET https://www.gstatic.com/firebasejs/releases.json [none]
[debug] [2025-04-18T00:04:34.668Z] <<< [apiv2][status] GET https://www.gstatic.com/firebasejs/releases.json 200
[debug] [2025-04-18T00:04:34.668Z] <<< [apiv2][body] GET https://www.gstatic.com/firebasejs/releases.json {"current":{"version":"11.6.0","browserURL":"https://www.gstatic.com/firebasejs/11.6.0/firebase.js","packageURL":"https://www.gstatic.com/firebasejs/11.6.0/firebase.tgz"},"live":{"version":"11.6","browserURL":"https://www.gstatic.com/firebasejs/live/11.6/firebase.js","packageURL":"https://www.gstatic.com/firebasejs/live/11.6/firebase.tgz"},"components":{"analytics":"https://www.gstatic.com/firebasejs/11.6.0/firebase-analytics.js","app":"https://www.gstatic.com/firebasejs/11.6.0/firebase-app.js","app-check":"https://www.gstatic.com/firebasejs/11.6.0/firebase-app-check.js","auth":"https://www.gstatic.com/firebasejs/11.6.0/firebase-auth.js","auth/cordova":"https://www.gstatic.com/firebasejs/11.6.0/firebase-auth/cordova.js","auth/web-extension":"https://www.gstatic.com/firebasejs/11.6.0/firebase-auth/web-extension.js","functions":"https://www.gstatic.com/firebasejs/11.6.0/firebase-functions.js","firestore":"https://www.gstatic.com/firebasejs/11.6.0/firebase-firestore.js","firestore/lite":"https://www.gstatic.com/firebasejs/11.6.0/firebase-firestore/lite.js","installations":"https://www.gstatic.com/firebasejs/11.6.0/firebase-installations.js","storage":"https://www.gstatic.com/firebasejs/11.6.0/firebase-storage.js","performance":"https://www.gstatic.com/firebasejs/11.6.0/firebase-performance.js","remote-config":"https://www.gstatic.com/firebasejs/11.6.0/firebase-remote-config.js","messaging":"https://www.gstatic.com/firebasejs/11.6.0/firebase-messaging.js","messaging/sw":"https://www.gstatic.com/firebasejs/11.6.0/firebase-messaging/sw.js","database":"https://www.gstatic.com/firebasejs/11.6.0/firebase-database.js","vertexai":"https://www.gstatic.com/firebasejs/11.6.0/firebase-vertexai.js","data-connect":"https://www.gstatic.com/firebasejs/11.6.0/firebase-data-connect.js","firestore.memory":"https://www.gstatic.com/firebasejs/11.6.0/firebase-firestore.memory.js"}}
[info] +  Wrote public/index.html 
[info] 
[info] i  Didn't detect a .git folder. Assuming C:\Users\vitto\OneDrive\Documentos\cha de panela is the project root. 
[info] i  Authorizing with GitHub to upload your service account to a GitHub repository's secrets store. 
[info] 
[info] Visit this URL on this device to log in:
[info] https://github.com/login/oauth/authorize?client_id=89cf50f02ac6aaed3484&state=376857111&redirect_uri=http%3A%2F%2Flocalhost%3A9005&scope=read%3Auser%20repo%20public_repo
[info] 
[info] Waiting for authentication...
[debug] [2025-04-18T00:05:17.283Z] >>> [apiv2][query] POST https://github.com/login/oauth/access_token [none]
[debug] [2025-04-18T00:05:17.284Z] >>> [apiv2][body] POST https://github.com/login/oauth/access_token [stream]
[debug] [2025-04-18T00:05:18.343Z] <<< [apiv2][status] POST https://github.com/login/oauth/access_token 200
[debug] [2025-04-18T00:05:18.343Z] <<< [apiv2][body] POST https://github.com/login/oauth/access_token {"access_token":"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","token_type":"bearer","scope":"read:user,repo"}
[debug] [2025-04-18T00:05:18.348Z] >>> [apiv2][query] GET https://api.github.com/user [none]
[debug] [2025-04-18T00:05:19.389Z] <<< [apiv2][status] GET https://api.github.com/user 200
[debug] [2025-04-18T00:05:19.390Z] <<< [apiv2][body] GET https://api.github.com/user {"login":"Vittoriaalopes","id":132390477,"node_id":"U_kgDOB-QeTQ","avatar_url":"https://avatars.githubusercontent.com/u/132390477?v=4","gravatar_id":"","url":"https://api.github.com/users/Vittoriaalopes","html_url":"https://github.com/Vittoriaalopes","followers_url":"https://api.github.com/users/Vittoriaalopes/followers","following_url":"https://api.github.com/users/Vittoriaalopes/following{/other_user}","gists_url":"https://api.github.com/users/Vittoriaalopes/gists{/gist_id}","starred_url":"https://api.github.com/users/Vittoriaalopes/starred{/owner}{/repo}","subscriptions_url":"https://api.github.com/users/Vittoriaalopes/subscriptions","organizations_url":"https://api.github.com/users/Vittoriaalopes/orgs","repos_url":"https://api.github.com/users/Vittoriaalopes/repos","events_url":"https://api.github.com/users/Vittoriaalopes/events{/privacy}","received_events_url":"https://api.github.com/users/Vittoriaalopes/received_events","type":"User","user_view_type":"private","site_admin":false,"name":null,"company":null,"blog":"","location":"Manaus/AM","email":null,"hireable":null,"bio":"Me chama pra projeto ksksk!","twitter_username":null,"notification_email":null,"public_repos":14,"public_gists":0,"followers":24,"following":15,"created_at":"2023-05-02T17:49:29Z","updated_at":"2025-04-16T00:06:15Z","private_gists":0,"total_private_repos":4,"owned_private_repos":4,"disk_usage":14159,"collaborators":0,"two_factor_authentication":false,"plan":{"name":"free","space":976562499,"collaborators":0,"private_repos":10000}}
[info] 
[info] +  Success! Logged into GitHub as Vittoriaalopes 
[info] 
[debug] [2025-04-18T00:06:05.484Z] >>> [apiv2][query] GET https://api.github.com/repos/Vittoriaalopes/cha-de-panela/actions/secrets/public-key type=owner
[debug] [2025-04-18T00:06:06.408Z] <<< [apiv2][status] GET https://api.github.com/repos/Vittoriaalopes/cha-de-panela/actions/secrets/public-key 404
[debug] [2025-04-18T00:06:06.408Z] <<< [apiv2][body] GET https://api.github.com/repos/Vittoriaalopes/cha-de-panela/actions/secrets/public-key {"message":"Not Found","documentation_url":"https://docs.github.com/rest/actions/secrets#get-a-repository-public-key","status":"404"}
[info] 
[info] 
[error] !  The provided authorization cannot be used with this repository. If this repository is in an organization, did you remember to grant access? 
[info] 
[info] i  Action required: Visit this URL to ensure access has been granted to the appropriate organization(s) for the Firebase CLI GitHub OAuth App: 
[info] https://github.com/settings/connections/applications/89cf50f02ac6aaed3484
[info] 
[debug] [2025-04-18T00:13:35.135Z] >>> [apiv2][query] GET https://api.github.com/repos/Vittoriaalopes/cha-de-panela/actions/secrets/public-key type=owner
[debug] [2025-04-18T00:13:35.902Z] <<< [apiv2][status] GET https://api.github.com/repos/Vittoriaalopes/cha-de-panela/actions/secrets/public-key 404
[debug] [2025-04-18T00:13:35.902Z] <<< [apiv2][body] GET https://api.github.com/repos/Vittoriaalopes/cha-de-panela/actions/secrets/public-key {"message":"Not Found","documentation_url":"https://docs.github.com/rest/actions/secrets#get-a-repository-public-key","status":"404"}
[info] 
[info] 
[error] !  The provided authorization cannot be used with this repository. If this repository is in an organization, did you remember to grant access? 
[info] 
[info] i  Action required: Visit this URL to ensure access has been granted to the appropriate organization(s) for the Firebase CLI GitHub OAuth App: 
[info] https://github.com/settings/connections/applications/89cf50f02ac6aaed3484
[info] 
[debug] [2025-04-18T00:14:39.437Z] >>> [apiv2][query] GET https://api.github.com/repos/yes/actions/secrets/public-key type=owner
[debug] [2025-04-18T00:14:40.190Z] <<< [apiv2][status] GET https://api.github.com/repos/yes/actions/secrets/public-key 404
[debug] [2025-04-18T00:14:40.191Z] <<< [apiv2][body] GET https://api.github.com/repos/yes/actions/secrets/public-key {"message":"Not Found","documentation_url":"https://docs.github.com/rest","status":"404"}
[info] 
[info] 
[error] !  The provided authorization cannot be used with this repository. If this repository is in an organization, did you remember to grant access? 
[info] 
[info] i  Action required: Visit this URL to ensure access has been granted to the appropriate organization(s) for the Firebase CLI GitHub OAuth App: 
[info] https://github.com/settings/connections/applications/89cf50f02ac6aaed3484
[info] 
